10:19:15: Creating resource group General
10:19:15: Creating resource group Internal
10:19:15: Creating resource group Autodetect
10:19:15: SceneManagerFactory for type 'DefaultSceneManager' registered.
10:19:15: Registering ResourceManager for type Material
10:19:15: Registering ResourceManager for type Mesh
10:19:15: Registering ResourceManager for type Skeleton
10:19:15: MovableObjectFactory for type 'ParticleSystem' registered.
10:19:15: OverlayElementFactory for type Panel registered.
10:19:15: OverlayElementFactory for type BorderPanel registered.
10:19:15: OverlayElementFactory for type TextArea registered.
10:19:15: Registering ResourceManager for type Font
10:19:15: ArchiveFactory for archive type FileSystem registered.
10:19:15: ArchiveFactory for archive type Zip registered.
10:19:15: ArchiveFactory for archive type EmbeddedZip registered.
10:19:15: DDS codec registering
10:19:15: FreeImage version: 3.15.3
10:19:15: This program uses FreeImage, a free, open source image library supporting all common bitmap formats. See http://freeimage.sourceforge.net for details
10:19:15: Supported formats: bmp,ico,jpg,jif,jpeg,jpe,jng,koa,iff,lbm,mng,pbm,pbm,pcd,pcx,pgm,pgm,png,ppm,ppm,ras,tga,targa,tif,tiff,wap,wbmp,wbm,psd,cut,xbm,xpm,gif,hdr,g3,sgi,exr,j2k,j2c,jp2,pfm,pct,pict,pic,3fr,arw,bay,bmq,cap,cine,cr2,crw,cs1,dc2,dcr,drf,dsc,dng,erf,fff,ia,iiq,k25,kc2,kdc,mdc,mef,mos,mrw,nef,nrw,orf,pef,ptx,pxn,qtk,raf,raw,rdc,rw2,rwl,rwz,sr2,srf,srw,sti
10:19:15: Registering ResourceManager for type HighLevelGpuProgram
10:19:15: Registering ResourceManager for type Compositor
10:19:15: MovableObjectFactory for type 'Entity' registered.
10:19:15: MovableObjectFactory for type 'Light' registered.
10:19:15: MovableObjectFactory for type 'BillboardSet' registered.
10:19:15: MovableObjectFactory for type 'ManualObject' registered.
10:19:15: MovableObjectFactory for type 'BillboardChain' registered.
10:19:15: MovableObjectFactory for type 'RibbonTrail' registered.
10:19:15: Loading library .\RenderSystem_Direct3D9_d
10:19:16: Installing plugin: D3D9 RenderSystem
10:19:16: D3D9 : Direct3D9 Rendering Subsystem created.
10:19:16: D3D9: Driver Detection Starts
10:19:16: D3D9: Driver Detection Ends
10:19:16: Plugin successfully installed
10:19:16: Loading library .\RenderSystem_GL_d
10:19:16: Installing plugin: GL RenderSystem
10:19:16: OpenGL Rendering Subsystem created.
10:19:16: Plugin successfully installed
10:19:16: Loading library .\Plugin_ParticleFX_d
10:19:16: Installing plugin: ParticleFX
10:19:16: Particle Emitter Type 'Point' registered
10:19:16: Particle Emitter Type 'Box' registered
10:19:16: Particle Emitter Type 'Ellipsoid' registered
10:19:16: Particle Emitter Type 'Cylinder' registered
10:19:16: Particle Emitter Type 'Ring' registered
10:19:16: Particle Emitter Type 'HollowEllipsoid' registered
10:19:16: Particle Affector Type 'LinearForce' registered
10:19:16: Particle Affector Type 'ColourFader' registered
10:19:16: Particle Affector Type 'ColourFader2' registered
10:19:16: Particle Affector Type 'ColourImage' registered
10:19:16: Particle Affector Type 'ColourInterpolator' registered
10:19:16: Particle Affector Type 'Scaler' registered
10:19:16: Particle Affector Type 'Rotator' registered
10:19:16: Particle Affector Type 'DirectionRandomiser' registered
10:19:16: Particle Affector Type 'DeflectorPlane' registered
10:19:16: Plugin successfully installed
10:19:16: Loading library .\Plugin_BSPSceneManager_d
10:19:16: Installing plugin: BSP Scene Manager
10:19:16: Plugin successfully installed
10:19:16: Loading library .\Plugin_CgProgramManager_d
10:19:17: Installing plugin: Cg Program Manager
10:19:17: Plugin successfully installed
10:19:17: Loading library .\Plugin_PCZSceneManager_d
10:19:17: Installing plugin: Portal Connected Zone Scene Manager
10:19:17: PCZone Factory Type 'ZoneType_Default' registered
10:19:17: Plugin successfully installed
10:19:17: Loading library .\Plugin_OctreeZone_d
10:19:17: Installing plugin: Octree Zone Factory
10:19:17: Plugin successfully installed
10:19:17: Loading library .\Plugin_OctreeSceneManager_d
10:19:17: Installing plugin: Octree Scene Manager
10:19:17: Plugin successfully installed
10:19:17: *-*-* OGRE Initialising
10:19:17: *-*-* Version 1.8.1 (Byatis)
10:19:17: Creating resource group Essential
10:19:17: Added resource location '../../media/thumbnails' of type 'FileSystem' to resource group 'Essential'
10:19:17: Added resource location '../media/packs/SdkTrays.zip' of type 'Zip' to resource group 'Essential'
10:19:17: Added resource location '../media/packs/profiler.zip' of type 'Zip' to resource group 'Essential'
10:19:17: Added resource location '../../media' of type 'FileSystem' to resource group 'General'
10:19:17: Creating resource group Popular
10:19:17: Added resource location '../media/fonts' of type 'FileSystem' to resource group 'Popular'
10:19:17: Added resource location '../media/materials/programs' of type 'FileSystem' to resource group 'Popular'
10:19:17: Added resource location '../media/materials/scripts' of type 'FileSystem' to resource group 'Popular'
10:19:17: Added resource location '../media/materials/textures' of type 'FileSystem' to resource group 'Popular'
10:19:17: Added resource location '../media/materials/textures/nvidia' of type 'FileSystem' to resource group 'Popular'
10:19:17: Added resource location '../media/models' of type 'FileSystem' to resource group 'Popular'
10:19:17: Added resource location '../media/particle' of type 'FileSystem' to resource group 'Popular'
10:19:17: Added resource location '../media/DeferredShadingMedia' of type 'FileSystem' to resource group 'Popular'
10:19:17: Added resource location '../media/PCZAppMedia' of type 'FileSystem' to resource group 'Popular'
10:19:17: Added resource location '../media/RTShaderLib' of type 'FileSystem' to resource group 'Popular'
10:19:17: Added resource location '../media/RTShaderLib/materials' of type 'FileSystem' to resource group 'Popular'
10:19:17: Added resource location '../media/materials/scripts/SSAO' of type 'FileSystem' to resource group 'Popular'
10:19:17: Added resource location '../media/materials/textures/SSAO' of type 'FileSystem' to resource group 'Popular'
10:19:17: Added resource location '../media/packs/cubemap.zip' of type 'Zip' to resource group 'Popular'
10:19:17: Added resource location '../media/packs/cubemapsJS.zip' of type 'Zip' to resource group 'Popular'
10:19:17: Added resource location '../media/packs/dragon.zip' of type 'Zip' to resource group 'Popular'
10:19:17: Added resource location '../media/packs/fresneldemo.zip' of type 'Zip' to resource group 'Popular'
10:19:17: Added resource location '../media/packs/ogretestmap.zip' of type 'Zip' to resource group 'Popular'
10:19:17: Added resource location '../media/packs/ogredance.zip' of type 'Zip' to resource group 'Popular'
10:19:17: Added resource location '../media/packs/Sinbad.zip' of type 'Zip' to resource group 'Popular'
10:19:17: Added resource location '../media/packs/skybox.zip' of type 'Zip' to resource group 'Popular'
10:19:17: Creating resource group Tests
10:19:17: Added resource location '../../media/../../Tests/Media' of type 'FileSystem' to resource group 'Tests'
10:19:17: D3D9 : RenderSystem Option: Allow NVPerfHUD = No
10:19:17: D3D9 : RenderSystem Option: FSAA = 0
10:19:17: D3D9 : RenderSystem Option: Fixed Pipeline Enabled = Yes
10:19:17: D3D9 : RenderSystem Option: Floating-point mode = Fastest
10:19:17: D3D9 : RenderSystem Option: Full Screen = Yes
10:19:17: D3D9 : RenderSystem Option: Multi device memory hint = Use minimum system memory
10:19:17: D3D9 : RenderSystem Option: Rendering Device = Monitor-1-Standard VGA Graphics Adapter
10:19:17: D3D9 : RenderSystem Option: Resource Creation Policy = Create on all devices
10:19:17: D3D9 : RenderSystem Option: Use Multihead = Auto
10:19:17: D3D9 : RenderSystem Option: VSync = No
10:19:17: D3D9 : RenderSystem Option: VSync Interval = 1
10:19:17: D3D9 : RenderSystem Option: Video Mode = 800 x 600 @ 32-bit colour
10:19:17: D3D9 : RenderSystem Option: sRGB Gamma Conversion = No
10:19:19: CPU Identifier & Features
10:19:19: -------------------------
10:19:19:  *   CPU ID: GenuineIntel: Intel(R) Core(TM) i7-3630QM CPU @ 2.40GHz
10:19:19:  *      SSE: yes
10:19:19:  *     SSE2: yes
10:19:19:  *     SSE3: yes
10:19:19:  *      MMX: yes
10:19:19:  *   MMXEXT: yes
10:19:19:  *    3DNOW: no
10:19:19:  * 3DNOWEXT: no
10:19:19:  *     CMOV: yes
10:19:19:  *      TSC: yes
10:19:19:  *      FPU: yes
10:19:19:  *      PRO: yes
10:19:19:  *       HT: no
10:19:19: -------------------------
10:19:19: *** Starting Win32GL Subsystem ***
10:19:19: Registering ResourceManager for type Texture
10:19:19: GLRenderSystem::_createRenderWindow "Virtual Leg", 800x600 windowed  miscParams: FSAA=0 FSAAHint= colourDepth=32 displayFrequency=0 gamma=false vsync=false vsyncInterval=1 
10:19:19: Created Win32Window 'Virtual Leg' : 816x639, 32bpp
10:19:19: GL_VERSION = 4.3.0
10:19:19: GL_VENDOR = NVIDIA Corporation
10:19:19: GL_RENDERER = GeForce GT 650M/PCIe/SSE2
10:19:19: GL_EXTENSIONS = GL_AMD_multi_draw_indirect GL_AMD_seamless_cubemap_per_texture GL_ARB_arrays_of_arrays GL_ARB_base_instance GL_ARB_blend_func_extended GL_ARB_clear_buffer_object GL_ARB_color_buffer_float GL_ARB_compatibility GL_ARB_compressed_texture_pixel_storage GL_ARB_conservative_depth GL_ARB_compute_shader GL_ARB_copy_buffer GL_ARB_copy_image GL_ARB_debug_output GL_ARB_depth_buffer_float GL_ARB_depth_clamp GL_ARB_depth_texture GL_ARB_draw_buffers GL_ARB_draw_buffers_blend GL_ARB_draw_indirect GL_ARB_draw_elements_base_vertex GL_ARB_draw_instanced GL_ARB_ES2_compatibility GL_ARB_ES3_compatibility GL_ARB_explicit_attrib_location GL_ARB_explicit_uniform_location GL_ARB_fragment_coord_conventions GL_ARB_fragment_layer_viewport GL_ARB_fragment_program GL_ARB_fragment_program_shadow GL_ARB_fragment_shader GL_ARB_framebuffer_no_attachments GL_ARB_framebuffer_object GL_ARB_framebuffer_sRGB GL_ARB_geometry_shader4 GL_ARB_get_program_binary GL_ARB_gpu_shader5 GL_ARB_gpu_shader_fp64 GL_ARB_half_float_pixel GL_ARB_half_float_vertex GL_ARB_imaging GL_ARB_instanced_arrays GL_ARB_internalformat_query GL_ARB_internalformat_query2 GL_ARB_invalidate_subdata GL_ARB_map_buffer_alignment GL_ARB_map_buffer_range GL_ARB_multi_draw_indirect GL_ARB_multisample GL_ARB_multitexture GL_ARB_occlusion_query GL_ARB_occlusion_query2 GL_ARB_pixel_buffer_object GL_ARB_point_parameters GL_ARB_point_sprite GL_ARB_program_interface_query GL_ARB_provoking_vertex GL_ARB_robust_buffer_access_behavior GL_ARB_robustness GL_ARB_sample_shading GL_ARB_sampler_objects GL_ARB_seamless_cube_map GL_ARB_separate_shader_objects GL_ARB_shader_atomic_counters GL_ARB_shader_bit_encoding GL_ARB_shader_image_load_store GL_ARB_shader_image_size GL_ARB_shader_objects GL_ARB_shader_precision GL_ARB_shader_storage_buffer_object GL_ARB_shader_subroutine GL_ARB_shader_texture_lod GL_ARB_shading_language_100 GL_ARB_shading_language_420pack GL_ARB_shading_language_include GL_ARB_shading_language_packing GL_ARB_shadow GL_ARB_stencil_texturing GL_ARB_sync GL_ARB_tessellation_shader GL_ARB_texture_border_clamp GL_ARB_texture_buffer_object GL_ARB_texture_buffer_object_rgb32 GL_ARB_texture_buffer_range GL_ARB_texture_compression GL_ARB_texture_compression_bptc GL_ARB_texture_compression_rgtc GL_ARB_texture_cube_map GL_ARB_texture_cube_map_array GL_ARB_texture_env_add GL_ARB_texture_env_combine GL_ARB_texture_env_crossbar GL_ARB_texture_env_dot3 GL_ARB_texture_float GL_ARB_texture_gather GL_ARB_texture_mirrored_repeat GL_ARB_texture_multisample GL_ARB_texture_non_power_of_two GL_ARB_texture_query_levels GL_ARB_texture_query_lod GL_ARB_texture_rectangle GL_ARB_texture_rg GL_ARB_texture_rgb10_a2ui GL_ARB_texture_storage GL_ARB_texture_storage_multisample GL_ARB_texture_swizzle GL_ARB_texture_view GL_ARB_timer_query GL_ARB_transform_feedback2 GL_ARB_transform_feedback3 GL_ARB_transform_feedback_instanced GL_ARB_transpose_matrix GL_ARB_uniform_buffer_object GL_ARB_vertex_array_bgra GL_ARB_vertex_array_object GL_ARB_vertex_attrib_64bit GL_ARB_vertex_attrib_binding GL_ARB_vertex_buffer_object GL_ARB_vertex_program GL_ARB_vertex_shader GL_ARB_vertex_type_2_10_10_10_rev GL_ARB_viewport_array GL_ARB_window_pos GL_ATI_draw_buffers GL_ATI_texture_float GL_ATI_texture_mirror_once GL_S3_s3tc GL_EXT_texture_env_add GL_EXT_abgr GL_EXT_bgra GL_EXT_bindable_uniform GL_EXT_blend_color GL_EXT_blend_equation_separate GL_EXT_blend_func_separate GL_EXT_blend_minmax GL_EXT_blend_subtract GL_EXT_compiled_vertex_array GL_EXT_Cg_shader GL_EXT_depth_bounds_test GL_EXT_direct_state_access GL_EXT_draw_buffers2 GL_EXT_draw_instanced GL_EXT_draw_range_elements GL_EXT_fog_coord GL_EXT_framebuffer_blit GL_EXT_framebuffer_multisample GL_EXTX_framebuffer_mixed_formats GL_EXT_framebuffer_multisample_blit_scaled GL_EXT_framebuffer_object GL_EXT_framebuffer_sRGB GL_EXT_geometry_shader4 GL_EXT_gpu_program_parameters GL_EXT_gpu_shader4 GL_EXT_multi_draw_arrays GL_EXT_packed_depth_stencil GL_EXT_packed_float GL_EXT_packed_pixels GL_EXT_pixel_buffer_object GL_EXT_point_parameters GL_EXT_provoking_vertex GL_EXT_rescale_normal GL_EXT_secondary_color GL_EXT_separate_shader_objects GL_EXT_separate_specular_color GL_EXT_shader_image_load_store GL_EXT_shadow_funcs GL_EXT_stencil_two_side GL_EXT_stencil_wrap GL_EXT_texture3D GL_EXT_texture_array GL_EXT_texture_buffer_object GL_EXT_texture_compression_dxt1 GL_EXT_texture_compression_latc GL_EXT_texture_compression_rgtc GL_EXT_texture_compression_s3tc GL_EXT_texture_cube_map GL_EXT_texture_edge_clamp GL_EXT_texture_env_combine GL_EXT_texture_env_dot3 GL_EXT_texture_filter_anisotropic GL_EXT_texture_integer GL_EXT_texture_lod GL_EXT_texture_lod_bias GL_EXT_texture_mirror_clamp GL_EXT_texture_object GL_EXT_texture_shared_exponent GL_EXT_texture_sRGB GL_EXT_texture_sRGB_decode GL_EXT_texture_storage GL_EXT_texture_swizzle GL_EXT_timer_query GL_EXT_transform_feedback2 GL_EXT_vertex_array GL_EXT_vertex_array_bgra GL_EXT_vertex_attrib_64bit GL_EXT_import_sync_object GL_IBM_rasterpos_clip GL_IBM_texture_mirrored_repeat GL_KHR_debug GL_KTX_buffer_region GL_NV_bindless_multi_draw_indirect GL_NV_bindless_texture GL_NV_blend_square GL_NV_compute_program5 GL_NV_conditional_render GL_NV_copy_depth_to_color GL_NV_copy_image GL_NV_depth_buffer_float GL_NV_depth_clamp GL_NV_draw_texture GL_NV_ES1_1_compatibility GL_NV_explicit_multisample GL_NV_fence GL_NV_float_buffer GL_NV_fog_distance GL_NV_fragment_program GL_NV_fragment_program_option GL_NV_fragment_program2 GL_NV_framebuffer_multisample_coverage GL_NV_geometry_shader4 GL_NV_gpu_program4 GL_NV_gpu_program4_1 GL_NV_gpu_program5 GL_NV_gpu_program5_mem_extended GL_NV_gpu_program_fp64 GL_NV_gpu_shader5 GL_NV_half_float GL_NV_light_max_exponent GL_NV_multisample_coverage GL_NV_multisample_filter_hint GL_NV_occlusion_query GL_NV_packed_depth_stencil GL_NV_parameter_buffer_object GL_NV_parameter_buffer_object2 GL_NV_path_rendering GL_NV_pixel_data_range GL_NV_point_sprite GL_NV_primitive_restart GL_NV_register_combiners GL_NV_register_combiners2 GL_NV_shader_atomic_counters GL_NV_shader_atomic_float GL_NV_shader_buffer_load GL_NV_shader_storage_buffer_object GL_NV_texgen_reflection GL_NV_texture_barrier GL_NV_texture_compression_vtc GL_NV_texture_env_combine4 GL_NV_texture_expand_normal GL_NV_texture_multisample GL_NV_texture_rectangle GL_NV_texture_shader GL_NV_texture_shader2 GL_NV_texture_shader3 GL_NV_transform_feedback GL_NV_transform_feedback2 GL_NV_vertex_array_range GL_NV_vertex_array_range2 GL_NV_vertex_attrib_integer_64bit GL_NV_vertex_buffer_unified_memory GL_NV_vertex_program GL_NV_vertex_program1_1 GL_NV_vertex_program2 GL_NV_vertex_program2_option GL_NV_vertex_program3 GL_NVX_conditional_render GL_NVX_gpu_memory_info GL_NVX_nvenc_interop GL_SGIS_generate_mipmap GL_SGIS_texture_lod GL_SGIX_depth_texture GL_SGIX_shadow GL_SUN_slice_accum GL_WIN_swap_hint WGL_EXT_swap_control 
10:19:19: Supported WGL extensions: WGL_ARB_buffer_region WGL_ARB_create_context WGL_ARB_create_context_profile WGL_ARB_create_context_robustness WGL_ARB_extensions_string WGL_ARB_make_current_read WGL_ARB_multisample WGL_ARB_pbuffer WGL_ARB_pixel_format WGL_ARB_pixel_format_float WGL_ARB_render_texture WGL_ATI_pixel_format_float WGL_EXT_create_context_es_profile WGL_EXT_create_context_es2_profile WGL_EXT_extensions_string WGL_EXT_framebuffer_sRGB WGL_EXT_pixel_format_packed_float WGL_EXT_swap_control WGL_EXT_swap_control_tear WGL_NVX_DX_interop WGL_NV_DX_interop WGL_NV_DX_interop2 WGL_NV_delay_before_swap WGL_NV_float_buffer WGL_NV_multisample_coverage WGL_NV_render_depth_texture WGL_NV_render_texture_rectangle 
10:19:19: ***************************
10:19:19: *** GL Renderer Started ***
10:19:19: ***************************
10:19:19: Registering ResourceManager for type GpuProgram
10:19:19: GLSL support detected
10:19:19: GL: Using GL_EXT_framebuffer_object for rendering to textures (best)
10:19:19: FBO PF_UNKNOWN depth/stencil support: D0S8 D16S0 D24S0 D32S0 Packed-D24S8 
10:19:19: FBO PF_L8 depth/stencil support: D0S0 D0S8 D16S0 D24S0 D32S0 Packed-D24S8 
10:19:19: FBO PF_A8 depth/stencil support: D0S0 D0S8 D16S0 D24S0 D32S0 Packed-D24S8 
10:19:19: FBO PF_A4L4 depth/stencil support: D0S0 D0S8 D16S0 D24S0 D32S0 Packed-D24S8 
10:19:19: FBO PF_BYTE_LA depth/stencil support: D0S0 D0S8 D16S0 D24S0 D32S0 Packed-D24S8 
10:19:19: FBO PF_R5G6B5 depth/stencil support: D0S0 D0S8 D16S0 D24S0 D32S0 Packed-D24S8 
10:19:19: FBO PF_B5G6R5 depth/stencil support: D0S0 D0S8 D16S0 D24S0 D32S0 Packed-D24S8 
10:19:19: FBO PF_A4R4G4B4 depth/stencil support: D0S0 D0S8 D16S0 D24S0 D32S0 Packed-D24S8 
10:19:19: FBO PF_A1R5G5B5 depth/stencil support: D0S0 D0S8 D16S0 D24S0 D32S0 Packed-D24S8 
10:19:19: FBO PF_R8G8B8 depth/stencil support: D0S0 D0S8 D16S0 D24S0 D32S0 Packed-D24S8 
10:19:19: FBO PF_B8G8R8 depth/stencil support: D0S0 D0S8 D16S0 D24S0 D32S0 Packed-D24S8 
10:19:19: FBO PF_A8R8G8B8 depth/stencil support: D0S0 D0S8 D16S0 D24S0 D32S0 Packed-D24S8 
10:19:19: FBO PF_B8G8R8A8 depth/stencil support: D0S0 D0S8 D16S0 D24S0 D32S0 Packed-D24S8 
10:19:19: FBO PF_A2R10G10B10 depth/stencil support: D0S0 D0S8 D16S0 D24S0 D32S0 Packed-D24S8 
10:19:19: FBO PF_A2B10G10R10 depth/stencil support: D0S0 D0S8 D16S0 D24S0 D32S0 Packed-D24S8 
10:19:19: FBO PF_FLOAT16_RGB depth/stencil support: D0S0 D0S8 D16S0 D24S0 D32S0 Packed-D24S8 
10:19:19: FBO PF_FLOAT16_RGBA depth/stencil support: D0S0 D0S8 D16S0 D24S0 D32S0 Packed-D24S8 
10:19:19: FBO PF_FLOAT32_RGB depth/stencil support: D0S0 D0S8 D16S0 D24S0 D32S0 Packed-D24S8 
10:19:19: FBO PF_FLOAT32_RGBA depth/stencil support: D0S0 D0S8 D16S0 D24S0 D32S0 Packed-D24S8 
10:19:19: FBO PF_X8R8G8B8 depth/stencil support: D0S0 D0S8 D16S0 D24S0 D32S0 Packed-D24S8 
10:19:19: FBO PF_X8B8G8R8 depth/stencil support: D0S0 D0S8 D16S0 D24S0 D32S0 Packed-D24S8 
10:19:19: FBO PF_SHORT_RGBA depth/stencil support: D0S0 D0S8 D16S0 D24S0 D32S0 Packed-D24S8 
10:19:19: FBO PF_R3G3B2 depth/stencil support: D0S0 D0S8 D16S0 D24S0 D32S0 Packed-D24S8 
10:19:19: FBO PF_FLOAT16_R depth/stencil support: D0S0 D0S8 D16S0 D24S0 D32S0 Packed-D24S8 
10:19:19: FBO PF_FLOAT32_R depth/stencil support: D0S0 D0S8 D16S0 D24S0 D32S0 Packed-D24S8 
10:19:19: FBO PF_FLOAT16_GR depth/stencil support: D0S0 D0S8 D16S0 D24S0 D32S0 Packed-D24S8 
10:19:19: FBO PF_FLOAT32_GR depth/stencil support: D0S0 D0S8 D16S0 D24S0 D32S0 Packed-D24S8 
10:19:19: FBO PF_SHORT_RGB depth/stencil support: D0S0 D0S8 D16S0 D24S0 D32S0 Packed-D24S8 
10:19:19: [GL] : Valid FBO targets PF_UNKNOWN PF_L8 PF_A8 PF_A4L4 PF_BYTE_LA PF_R5G6B5 PF_B5G6R5 PF_A4R4G4B4 PF_A1R5G5B5 PF_R8G8B8 PF_B8G8R8 PF_A8R8G8B8 PF_B8G8R8A8 PF_A2R10G10B10 PF_A2B10G10R10 PF_FLOAT16_RGB PF_FLOAT16_RGBA PF_FLOAT32_RGB PF_FLOAT32_RGBA PF_X8R8G8B8 PF_X8B8G8R8 PF_SHORT_RGBA PF_R3G3B2 PF_FLOAT16_R PF_FLOAT32_R PF_FLOAT16_GR PF_FLOAT32_GR PF_SHORT_RGB 
10:19:19: RenderSystem capabilities
10:19:19: -------------------------
10:19:19: RenderSystem Name: OpenGL Rendering Subsystem
10:19:19: GPU Vendor: nvidia
10:19:19: Device Name: GeForce GT 650M/PCIe/SSE2
10:19:19: Driver Version: 4.3.0.0
10:19:19:  * Fixed function pipeline: yes
10:19:19:  * Hardware generation of mipmaps: yes
10:19:19:  * Texture blending: yes
10:19:19:  * Anisotropic texture filtering: yes
10:19:19:  * Dot product texture operation: yes
10:19:19:  * Cube mapping: yes
10:19:19:  * Hardware stencil buffer: yes
10:19:19:    - Stencil depth: 8
10:19:19:    - Two sided stencil support: yes
10:19:19:    - Wrap stencil values: yes
10:19:19:  * Hardware vertex / index buffers: yes
10:19:19:  * Vertex programs: yes
10:19:19:  * Number of floating-point constants for vertex programs: 1024
10:19:19:  * Number of integer constants for vertex programs: 0
10:19:19:  * Number of boolean constants for vertex programs: 0
10:19:19:  * Fragment programs: yes
10:19:19:  * Number of floating-point constants for fragment programs: 512
10:19:19:  * Number of integer constants for fragment programs: 0
10:19:19:  * Number of boolean constants for fragment programs: 0
10:19:19:  * Geometry programs: yes
10:19:19:  * Number of floating-point constants for geometry programs: 2048
10:19:19:  * Number of integer constants for geometry programs: 0
10:19:19:  * Number of boolean constants for geometry programs: 0
10:19:19:  * Supported Shader Profiles: arbfp1 arbvp1 fp20 fp30 fp40 glsl gp4fp gp4gp gp4vp gpu_fp gpu_gp gpu_vp nvgp4 vp30 vp40
10:19:19:  * Texture Compression: yes
10:19:19:    - DXT: yes
10:19:19:    - VTC: yes
10:19:19:    - PVRTC: no
10:19:19:  * Scissor Rectangle: yes
10:19:19:  * Hardware Occlusion Query: yes
10:19:19:  * User clip planes: yes
10:19:19:  * VET_UBYTE4 vertex element type: yes
10:19:19:  * Infinite far plane projection: yes
10:19:19:  * Hardware render-to-texture: yes
10:19:19:  * Floating point textures: yes
10:19:19:  * Non-power-of-two textures: yes
10:19:19:  * Volume textures: yes
10:19:19:  * Multiple Render Targets: 8
10:19:19:    - With different bit depths: yes
10:19:19:  * Point Sprites: yes
10:19:19:  * Extended point parameters: yes
10:19:19:  * Max Point Size: 2047
10:19:19:  * Vertex texture fetch: yes
10:19:19:  * Number of world matrices: 0
10:19:19:  * Number of texture units: 32
10:19:19:  * Stencil buffer depth: 8
10:19:19:  * Number of vertex blend matrices: 0
10:19:19:    - Max vertex textures: 32
10:19:19:    - Vertex textures shared: yes
10:19:19:  * Render to Vertex Buffer : yes
10:19:19:  * GL 1.5 without VBO workaround: no
10:19:19:  * Frame Buffer objects: yes
10:19:19:  * Frame Buffer objects (ARB extension): no
10:19:19:  * Frame Buffer objects (ATI extension): no
10:19:19:  * PBuffer support: yes
10:19:19:  * GL 1.5 without HW-occlusion workaround: no
10:19:19:  * Separate shader objects: no
10:19:19: DefaultWorkQueue('Root') initialising on thread 0049BA40.
10:19:19: DefaultWorkQueue('Root')::WorkerFunc - thread 004EC660 starting.
10:19:19: DefaultWorkQueue('Root')::WorkerFunc - thread 004EC6C0 starting.
10:19:19: DefaultWorkQueue('Root')::WorkerFunc - thread 004EC750 starting.
10:19:19: DefaultWorkQueue('Root')::WorkerFunc - thread 004EC6F0 starting.
10:19:19: DefaultWorkQueue('Root')::WorkerFunc - thread 004EC690 starting.
10:19:19: DefaultWorkQueue('Root')::WorkerFunc - thread 004EC7B0 starting.
10:19:19: DefaultWorkQueue('Root')::WorkerFunc - thread 004EC720 starting.
10:19:19: DefaultWorkQueue('Root')::WorkerFunc - thread 004EC7E0 starting.
10:19:19: Particle Renderer Type 'billboard' registered
10:19:20: SceneManagerFactory for type 'BspSceneManager' registered.
10:19:20: Registering ResourceManager for type BspLevel
10:19:20: SceneManagerFactory for type 'PCZSceneManager' registered.
10:19:20: MovableObjectFactory for type 'PCZLight' registered.
10:19:20: MovableObjectFactory for type 'Portal' registered.
10:19:20: MovableObjectFactory for type 'AntiPortal' registered.
10:19:20: PCZone Factory Type 'ZoneType_Octree' registered
10:19:20: SceneManagerFactory for type 'OctreeSceneManager' registered.
10:19:20: Parsing scripts for resource group Autodetect
10:19:20: Finished parsing scripts for resource group Autodetect
10:19:20: Creating resources for group Autodetect
10:19:20: All done
10:19:20: Parsing scripts for resource group Essential
10:19:20: Parsing script SdkTrays.material
10:19:20: Parsing script OgreProfiler.material
10:19:20: Parsing script SdkTrays.fontdef
10:19:20: Parsing script SdkTrays.overlay
10:19:20: Texture: sdk_cursor.png: Loading 1 faces(PF_A8R8G8B8,32x32x1) with 5 generated mipmaps from Image. Internal format is PF_A8R8G8B8,32x32x1.
10:19:20: Texture: sdk_tray.png: Loading 1 faces(PF_A8R8G8B8,64x64x1) with 5 generated mipmaps from Image. Internal format is PF_A8R8G8B8,64x64x1.
10:19:20: Texture: sdk_button_up.png: Loading 1 faces(PF_A8R8G8B8,128x32x1) with 5 generated mipmaps from Image. Internal format is PF_A8R8G8B8,128x32x1.
10:19:20: Texture: sdk_text_box.png: Loading 1 faces(PF_A8R8G8B8,32x32x1) with 5 generated mipmaps from Image. Internal format is PF_A8R8G8B8,32x32x1.
10:19:20: Texture: sdk_mini_tray.png: Loading 1 faces(PF_A8R8G8B8,32x32x1) with 5 generated mipmaps from Image. Internal format is PF_A8R8G8B8,32x32x1.
10:19:20: Texture: sdk_track.png: Loading 1 faces(PF_A8R8G8B8,16x32x1) with 5 generated mipmaps from Image. Internal format is PF_A8R8G8B8,16x32x1.
10:19:20: Texture: sdk_handle.png: Loading 1 faces(PF_A8R8G8B8,16x16x1) with 4 generated mipmaps from Image. Internal format is PF_A8R8G8B8,16x16x1.
10:19:20: Texture: sdk_mini_text_box.png: Loading 1 faces(PF_A8R8G8B8,32x32x1) with 5 generated mipmaps from Image. Internal format is PF_A8R8G8B8,32x32x1.
10:19:20: Texture: sdk_label.png: Loading 1 faces(PF_A8R8G8B8,32x32x1) with 5 generated mipmaps from Image. Internal format is PF_A8R8G8B8,32x32x1.
10:19:20: Texture: sdk_separator.png: Loading 1 faces(PF_A8R8G8B8,64x16x1) with 5 generated mipmaps from Image. Internal format is PF_A8R8G8B8,64x16x1.
10:19:20: Texture: sdk_logo.png: Loading 1 faces(PF_A8R8G8B8,128x64x1) with 5 generated mipmaps from Image. Internal format is PF_A8R8G8B8,128x64x1.
10:19:20: Texture: sdk_shade.png: Loading 1 faces(PF_A8R8G8B8,64x48x1) with 5 generated mipmaps from Image. Internal format is PF_A8R8G8B8,64x48x1.
10:19:20: Texture: sdk_frame.png: Loading 1 faces(PF_A8R8G8B8,32x32x1) with 5 generated mipmaps from Image. Internal format is PF_A8R8G8B8,32x32x1.
10:19:20: Texture: sdk_mini_text_box_over.png: Loading 1 faces(PF_A8R8G8B8,32x32x1) with 5 generated mipmaps from Image. Internal format is PF_A8R8G8B8,32x32x1.
10:19:20: Texture: sdk_pulse.png: Loading 1 faces(PF_R8G8B8,8x1x1) with 3 generated mipmaps from Image. Internal format is PF_X8R8G8B8,8x1x1.
10:19:20: Finished parsing scripts for resource group Essential
10:19:20: Creating resources for group Essential
10:19:20: All done
10:19:20: Parsing scripts for resource group General
10:19:20: Finished parsing scripts for resource group General
10:19:20: Creating resources for group General
10:19:20: All done
10:19:20: Parsing scripts for resource group Internal
10:19:20: Finished parsing scripts for resource group Internal
10:19:20: Creating resources for group Internal
10:19:20: All done
10:19:20: Parsing scripts for resource group Popular
10:19:20: Parsing script Instancing.program
10:19:21: Parsing script deferred_post.program
10:19:21: Parsing script ShadowCaster.program
10:19:21: Parsing script Arm.material
10:19:21: Parsing script skin.material
10:19:21: Parsing script skintac.material
10:19:21: Parsing script tacArm.material
10:19:21: Parsing script deferreddemo.material
10:19:21: Parsing script deferred_post.material
10:19:21: Parsing script deferred_post_minilight.material
10:19:21: Parsing script ShadowCaster.material
10:19:21: Parsing script ssao.material
10:19:22: Parsing script ROOM.material
10:19:22: Parsing script DualQuaternionSkinning_Shadow.material
10:19:22: Parsing script HardwareSkinningShadow.material
10:19:22: OGRE EXCEPTION(7:InternalErrorException): Unable to compile Cg program Ogre/RTShader/shadow_receiver_vs: The compile returned an error.
(0) : error C3001: no program defined
 in CgProgram::compileMicrocode at ..\..\..\..\..\PlugIns\CgProgramManager\src\OgreCgProgramManagerDll.cpp (line 67)
10:19:22: High-level program Ogre/RTShader/shadow_receiver_vs encountered an error during loading and is thus not supported.
OGRE EXCEPTION(7:InternalErrorException): Unable to compile Cg program Ogre/RTShader/shadow_receiver_vs: The compile returned an error.
(0) : error C3001: no program defined
 in CgProgram::compileMicrocode at ..\..\..\..\..\PlugIns\CgProgramManager\src\OgreCgProgramManagerDll.cpp (line 67)
10:19:22: OGRE EXCEPTION(2:InvalidParametersException): Named constants have not been initialised, perhaps a compile error. in GpuProgramParameters::_findNamedConstantDefinition at ..\..\..\..\OgreMain\src\OgreGpuProgramParams.cpp (line 1441)
10:19:22: Compiler error: invalid parameters in HardwareSkinningShadow.material(206): setting of constant failed
10:19:22: OGRE EXCEPTION(2:InvalidParametersException): Named constants have not been initialised, perhaps a compile error. in GpuProgramParameters::_findNamedConstantDefinition at ..\..\..\..\OgreMain\src\OgreGpuProgramParams.cpp (line 1441)
10:19:22: Compiler error: invalid parameters in HardwareSkinningShadow.material(207): setting of constant failed
10:19:22: OGRE EXCEPTION(7:InternalErrorException): Unable to compile Cg program Ogre/RTShader/shadow_receiver_ps: The compile returned an error.
(0) : error C3001: no program defined
 in CgProgram::compileMicrocode at ..\..\..\..\..\PlugIns\CgProgramManager\src\OgreCgProgramManagerDll.cpp (line 67)
10:19:22: High-level program Ogre/RTShader/shadow_receiver_ps encountered an error during loading and is thus not supported.
OGRE EXCEPTION(7:InternalErrorException): Unable to compile Cg program Ogre/RTShader/shadow_receiver_ps: The compile returned an error.
(0) : error C3001: no program defined
 in CgProgram::compileMicrocode at ..\..\..\..\..\PlugIns\CgProgramManager\src\OgreCgProgramManagerDll.cpp (line 67)
10:19:22: OGRE EXCEPTION(2:InvalidParametersException): Named constants have not been initialised, perhaps a compile error. in GpuProgramParameters::_findNamedConstantDefinition at ..\..\..\..\OgreMain\src\OgreGpuProgramParams.cpp (line 1441)
10:19:22: Compiler error: invalid parameters in HardwareSkinningShadow.material(219): setting of constant failed
10:19:22: Parsing script RTShaderSystem.material
10:19:22: Compiler error: unknown error in RTShaderSystem.material(23): token "rtshader_system" is not recognized
10:19:22: Compiler error: unknown error in RTShaderSystem.material(52): token "rtshader_system" is not recognized
10:19:22: Compiler error: unknown error in RTShaderSystem.material(81): token "rtshader_system" is not recognized
10:19:22: Compiler error: unknown error in RTShaderSystem.material(110): token "rtshader_system" is not recognized
10:19:22: Compiler error: unknown error in RTShaderSystem.material(146): token "rtshader_system" is not recognized
10:19:22: Compiler error: unknown error in RTShaderSystem.material(81): token "rtshader_system" is not recognized
10:19:22: Compiler error: unknown error in RTShaderSystem.material(162): token "rtshader_system" is not recognized
10:19:22: Compiler error: unknown error in RTShaderSystem.material(81): token "rtshader_system" is not recognized
10:19:22: Compiler error: unknown error in RTShaderSystem.material(110): token "rtshader_system" is not recognized
10:19:22: Compiler error: unknown error in RTShaderSystem.material(211): token "rtshader_system" is not recognized
10:19:22: Parsing script RomanBath.material
10:19:22: Parsing script Sinbad.material
10:19:22: Parsing script emitted_emitter.particle
10:19:22: Parsing script Examples-Water.particle
10:19:22: Parsing script Examples.particle
10:19:22: Parsing script smoke.particle
10:19:22: Parsing script deferred.compositor
10:19:22: Parsing script ssao.compositor
10:19:22: Parsing script sample.fontdef
10:19:22: Finished parsing scripts for resource group Popular
10:19:22: Creating resources for group Popular
10:19:22: All done
10:19:22: Parsing scripts for resource group Tests
10:19:22: Finished parsing scripts for resource group Tests
10:19:22: Creating resources for group Tests
10:19:22: All done
10:19:22: Mesh: Loading virtualleg.mesh.
10:19:23: Skeleton: Loading virtualleg.skeleton
10:19:23: WARNING: virtualleg.mesh is an older format ([MeshSerializer_v1.41]); you should upgrade it as soon as possible using the OgreMeshUpgrade tool.
10:19:23: Texture: grey_image.jpg: Loading 1 faces(PF_R8G8B8,2048x1536x1) with 5 generated mipmaps from Image. Internal format is PF_X8R8G8B8,2048x1536x1.
10:19:24: Mesh: Loading tacleg.mesh.
10:19:24: Skeleton: Loading tacleg.skeleton
10:19:25: WARNING: tacleg.mesh is an older format ([MeshSerializer_v1.41]); you should upgrade it as soon as possible using the OgreMeshUpgrade tool.
10:19:25: Texture: green_image.jpg: Loading 1 faces(PF_R8G8B8,2048x1536x1) with 5 generated mipmaps from Image. Internal format is PF_X8R8G8B8,2048x1536x1.
10:19:26: *** Initializing OIS ***
10:19:53: DefaultWorkQueue('Root') shutting down on thread 0049BA40.
10:19:53: DefaultWorkQueue('Root')::WorkerFunc - thread 004EC720 stopped.
10:19:53: DefaultWorkQueue('Root')::WorkerFunc - thread 004EC6C0 stopped.
10:19:53: DefaultWorkQueue('Root')::WorkerFunc - thread 004EC690 stopped.
10:19:53: DefaultWorkQueue('Root')::WorkerFunc - thread 004EC6F0 stopped.
10:19:53: DefaultWorkQueue('Root')::WorkerFunc - thread 004EC7B0 stopped.
10:19:53: DefaultWorkQueue('Root')::WorkerFunc - thread 004EC7E0 stopped.
10:19:53: DefaultWorkQueue('Root')::WorkerFunc - thread 004EC750 stopped.
10:19:53: DefaultWorkQueue('Root')::WorkerFunc - thread 004EC660 stopped.
10:19:53: PCZone Factory Type 'ZoneType_Octree' unregistered
10:19:53: Unregistering ResourceManager for type BspLevel
10:19:54: *-*-* OGRE Shutdown
10:19:54: Unregistering ResourceManager for type Compositor
10:19:54: Unregistering ResourceManager for type Font
10:19:54: Unregistering ResourceManager for type Skeleton
10:19:54: Unregistering ResourceManager for type Mesh
10:19:54: Unregistering ResourceManager for type HighLevelGpuProgram
10:19:54: Uninstalling plugin: Octree Scene Manager
10:19:54: Plugin successfully uninstalled
10:19:54: Unloading library .\Plugin_OctreeSceneManager_d
10:19:54: Uninstalling plugin: Octree Zone Factory
10:19:54: Plugin successfully uninstalled
10:19:54: Unloading library .\Plugin_OctreeZone_d
10:19:54: Uninstalling plugin: Portal Connected Zone Scene Manager
10:19:54: Plugin successfully uninstalled
10:19:54: Unloading library .\Plugin_PCZSceneManager_d
10:19:54: Uninstalling plugin: Cg Program Manager
10:19:54: Plugin successfully uninstalled
10:19:54: Unloading library .\Plugin_CgProgramManager_d
10:19:54: Uninstalling plugin: BSP Scene Manager
10:19:54: Plugin successfully uninstalled
10:19:54: Unloading library .\Plugin_BSPSceneManager_d
10:19:54: Uninstalling plugin: ParticleFX
10:19:54: Plugin successfully uninstalled
10:19:54: Unloading library .\Plugin_ParticleFX_d
10:19:54: Uninstalling plugin: GL RenderSystem
10:19:54: Unregistering ResourceManager for type GpuProgram
10:19:54: *** Stopping Win32GL Subsystem ***
10:19:54: Unregistering ResourceManager for type Texture
10:19:54: Plugin successfully uninstalled
10:19:54: Unloading library .\RenderSystem_GL_d
10:19:54: Uninstalling plugin: D3D9 RenderSystem
10:19:54: D3D9 : Shutting down cleanly.
10:19:54: D3D9 : Direct3D9 Rendering Subsystem destroyed.
10:19:54: Plugin successfully uninstalled
10:19:54: Unloading library .\RenderSystem_Direct3D9_d
10:19:54: Unregistering ResourceManager for type Material
