12:38:38: Creating resource group General
12:38:38: Creating resource group Internal
12:38:38: Creating resource group Autodetect
12:38:38: Registering ResourceManager for type Mesh
12:38:38: Registering ResourceManager for type Material
12:38:38: Registering ResourceManager for type Skeleton
12:38:38: XMLSkeletonSerializer writing  skeleton data to C:\Users\TAIMOOR\Downloads\BioPatRec_TVA\BioPatRec_TVA\VRE\bin\Release\tacArm.skeleton.xml...
12:38:38: Populating DOM...
12:38:38: Exporting bones..
12:38:38: There are 29 bones.
12:38:38:    Exporting Bone number 0
12:38:38:    Exporting Bone number 1
12:38:38:    Exporting Bone number 2
12:38:38:    Exporting Bone number 3
12:38:38:    Exporting Bone number 4
12:38:38:    Exporting Bone number 5
12:38:38:    Exporting Bone number 6
12:38:38:    Exporting Bone number 7
12:38:38:    Exporting Bone number 8
12:38:38:    Exporting Bone number 9
12:38:38:    Exporting Bone number 10
12:38:38:    Exporting Bone number 11
12:38:38:    Exporting Bone number 12
12:38:38:    Exporting Bone number 13
12:38:38:    Exporting Bone number 14
12:38:38:    Exporting Bone number 15
12:38:38:    Exporting Bone number 16
12:38:38:    Exporting Bone number 17
12:38:38:    Exporting Bone number 18
12:38:38:    Exporting Bone number 19
12:38:38:    Exporting Bone number 20
12:38:38:    Exporting Bone number 21
12:38:38:    Exporting Bone number 22
12:38:38:    Exporting Bone number 23
12:38:38:    Exporting Bone number 24
12:38:38:    Exporting Bone number 25
12:38:38:    Exporting Bone number 26
12:38:38:    Exporting Bone number 27
12:38:38:    Exporting Bone number 28
12:38:38: Bones exported.
12:38:38: Exporting animations, count=0
12:38:38: DOM populated, writing XML file..
12:38:38: XMLSkeletonSerializer export successful.
12:38:38: Unregistering ResourceManager for type Skeleton
12:38:38: Unregistering ResourceManager for type Material
12:38:38: Unregistering ResourceManager for type Mesh
